  Arbol.cpp
c:\users\oscar c\desktop\usac\2s2019\edd\edd_2s2019_py1_201709140\proyecto 1\proyecto 1\arbol.cpp(12): error C2653: 'Arbol': no es un nombre de clase o espacio de nombres
c:\users\oscar c\desktop\usac\2s2019\edd\edd_2s2019_py1_201709140\proyecto 1\proyecto 1\arbol.cpp(12): error C4430: falta el especificador de tipo; se presupone int. Nota: C++ no admite default-int
c:\users\oscar c\desktop\usac\2s2019\edd\edd_2s2019_py1_201709140\proyecto 1\proyecto 1\arbol.cpp(13): error C2065: 'raiz': identificador no declarado
c:\users\oscar c\desktop\usac\2s2019\edd\edd_2s2019_py1_201709140\proyecto 1\proyecto 1\arbol.cpp(13): error C2065: 'NULL': identificador no declarado
c:\users\oscar c\desktop\usac\2s2019\edd\edd_2s2019_py1_201709140\proyecto 1\proyecto 1\arbol.cpp(14): warning C4508: 'Arbol': la función debe devolver un valor; se supone que el tipo de valor devuelto es 'void'
c:\users\oscar c\desktop\usac\2s2019\edd\edd_2s2019_py1_201709140\proyecto 1\proyecto 1\arbol.cpp(15): error C2510: 'Arbol': el operando izquierdo de '::' debe ser class/struct/union
c:\users\oscar c\desktop\usac\2s2019\edd\edd_2s2019_py1_201709140\proyecto 1\proyecto 1\arbol.cpp(15): error C2065: 'Hoja': identificador no declarado
c:\users\oscar c\desktop\usac\2s2019\edd\edd_2s2019_py1_201709140\proyecto 1\proyecto 1\arbol.cpp(15): error C2065: 'hoj': identificador no declarado
c:\users\oscar c\desktop\usac\2s2019\edd\edd_2s2019_py1_201709140\proyecto 1\proyecto 1\arbol.cpp(15): error C2065: 'string': identificador no declarado
c:\users\oscar c\desktop\usac\2s2019\edd\edd_2s2019_py1_201709140\proyecto 1\proyecto 1\arbol.cpp(15): error C2146: error de sintaxis: falta ')' delante del identificador 'name'
c:\users\oscar c\desktop\usac\2s2019\edd\edd_2s2019_py1_201709140\proyecto 1\proyecto 1\arbol.cpp(15): error C2143: error de sintaxis: falta ';' delante de '{'
c:\users\oscar c\desktop\usac\2s2019\edd\edd_2s2019_py1_201709140\proyecto 1\proyecto 1\arbol.cpp(15): error C2447: '{': falta el encabezado de función (¿lista formal de estilo anterior?)
c:\users\oscar c\desktop\usac\2s2019\edd\edd_2s2019_py1_201709140\proyecto 1\proyecto 1\arbol.cpp(43): error C2510: 'Arbol': el operando izquierdo de '::' debe ser class/struct/union
c:\users\oscar c\desktop\usac\2s2019\edd\edd_2s2019_py1_201709140\proyecto 1\proyecto 1\arbol.cpp(43): error C2065: 'string': identificador no declarado
c:\users\oscar c\desktop\usac\2s2019\edd\edd_2s2019_py1_201709140\proyecto 1\proyecto 1\arbol.cpp(43): error C2146: error de sintaxis: falta ')' delante del identificador 'name'
c:\users\oscar c\desktop\usac\2s2019\edd\edd_2s2019_py1_201709140\proyecto 1\proyecto 1\arbol.cpp(43): error C2143: error de sintaxis: falta ';' delante de '{'
c:\users\oscar c\desktop\usac\2s2019\edd\edd_2s2019_py1_201709140\proyecto 1\proyecto 1\arbol.cpp(43): error C2447: '{': falta el encabezado de función (¿lista formal de estilo anterior?)
c:\users\oscar c\desktop\usac\2s2019\edd\edd_2s2019_py1_201709140\proyecto 1\proyecto 1\arbol.cpp(48): error C2143: error de sintaxis: falta ';' delante de '*'
c:\users\oscar c\desktop\usac\2s2019\edd\edd_2s2019_py1_201709140\proyecto 1\proyecto 1\arbol.cpp(48): error C4430: falta el especificador de tipo; se presupone int. Nota: C++ no admite default-int
c:\users\oscar c\desktop\usac\2s2019\edd\edd_2s2019_py1_201709140\proyecto 1\proyecto 1\arbol.cpp(48): error C2510: 'Arbol': el operando izquierdo de '::' debe ser class/struct/union
c:\users\oscar c\desktop\usac\2s2019\edd\edd_2s2019_py1_201709140\proyecto 1\proyecto 1\arbol.cpp(48): error C2059: error de sintaxis: '{'
c:\users\oscar c\desktop\usac\2s2019\edd\edd_2s2019_py1_201709140\proyecto 1\proyecto 1\arbol.cpp(48): error C2143: error de sintaxis: falta ';' delante de '{'
c:\users\oscar c\desktop\usac\2s2019\edd\edd_2s2019_py1_201709140\proyecto 1\proyecto 1\arbol.cpp(48): error C2447: '{': falta el encabezado de función (¿lista formal de estilo anterior?)
c:\users\oscar c\desktop\usac\2s2019\edd\edd_2s2019_py1_201709140\proyecto 1\proyecto 1\arbol.cpp(52): error C2510: 'Arbol': el operando izquierdo de '::' debe ser class/struct/union
c:\users\oscar c\desktop\usac\2s2019\edd\edd_2s2019_py1_201709140\proyecto 1\proyecto 1\arbol.cpp(52): error C2065: 'root': identificador no declarado
c:\users\oscar c\desktop\usac\2s2019\edd\edd_2s2019_py1_201709140\proyecto 1\proyecto 1\arbol.cpp(52): error C2182: 'setRaiz': uso no válido del tipo 'void'
c:\users\oscar c\desktop\usac\2s2019\edd\edd_2s2019_py1_201709140\proyecto 1\proyecto 1\arbol.cpp(52): error C2448: 'setRaiz': el inicializador de estilo de función parece ser una definición de función
c:\users\oscar c\desktop\usac\2s2019\edd\edd_2s2019_py1_201709140\proyecto 1\proyecto 1\arbol.cpp(57): error C2523: 'Arbol::~Arbol': etiqueta de destructor sin correspondencia
c:\users\oscar c\desktop\usac\2s2019\edd\edd_2s2019_py1_201709140\proyecto 1\proyecto 1\arbol.cpp(57): error C2510: 'Arbol': el operando izquierdo de '::' debe ser class/struct/union
c:\users\oscar c\desktop\usac\2s2019\edd\edd_2s2019_py1_201709140\proyecto 1\proyecto 1\arbol.cpp(58): error C4430: falta el especificador de tipo; se presupone int. Nota: C++ no admite default-int
c:\users\oscar c\desktop\usac\2s2019\edd\edd_2s2019_py1_201709140\proyecto 1\proyecto 1\arbol.cpp(58): error C2084: la función 'int Arbol(void)' ya tiene un cuerpo
  c:\users\oscar c\desktop\usac\2s2019\edd\edd_2s2019_py1_201709140\proyecto 1\proyecto 1\arbol.cpp(12): note: vea la definición anterior de 'Arbol'
  Cubo.cpp
c:\users\oscar c\desktop\usac\2s2019\edd\edd_2s2019_py1_201709140\proyecto 1\proyecto 1\cubo.cpp(10): error C2653: 'Cubo': no es un nombre de clase o espacio de nombres
c:\users\oscar c\desktop\usac\2s2019\edd\edd_2s2019_py1_201709140\proyecto 1\proyecto 1\cubo.cpp(10): error C4430: falta el especificador de tipo; se presupone int. Nota: C++ no admite default-int
c:\users\oscar c\desktop\usac\2s2019\edd\edd_2s2019_py1_201709140\proyecto 1\proyecto 1\cubo.cpp(11): error C2065: 'cabeza': identificador no declarado
c:\users\oscar c\desktop\usac\2s2019\edd\edd_2s2019_py1_201709140\proyecto 1\proyecto 1\cubo.cpp(11): error C2065: 'NULL': identificador no declarado
c:\users\oscar c\desktop\usac\2s2019\edd\edd_2s2019_py1_201709140\proyecto 1\proyecto 1\cubo.cpp(12): error C2065: 'ultimo': identificador no declarado
c:\users\oscar c\desktop\usac\2s2019\edd\edd_2s2019_py1_201709140\proyecto 1\proyecto 1\cubo.cpp(12): error C2065: 'NULL': identificador no declarado
c:\users\oscar c\desktop\usac\2s2019\edd\edd_2s2019_py1_201709140\proyecto 1\proyecto 1\cubo.cpp(13): error C2065: 'cantidad': identificador no declarado
c:\users\oscar c\desktop\usac\2s2019\edd\edd_2s2019_py1_201709140\proyecto 1\proyecto 1\cubo.cpp(14): warning C4508: 'Cubo': la función debe devolver un valor; se supone que el tipo de valor devuelto es 'void'
c:\users\oscar c\desktop\usac\2s2019\edd\edd_2s2019_py1_201709140\proyecto 1\proyecto 1\cubo.cpp(15): error C2510: 'Cubo': el operando izquierdo de '::' debe ser class/struct/union
c:\users\oscar c\desktop\usac\2s2019\edd\edd_2s2019_py1_201709140\proyecto 1\proyecto 1\cubo.cpp(15): error C2065: 'string': identificador no declarado
c:\users\oscar c\desktop\usac\2s2019\edd\edd_2s2019_py1_201709140\proyecto 1\proyecto 1\cubo.cpp(15): error C2146: error de sintaxis: falta ')' delante del identificador 'fed'
c:\users\oscar c\desktop\usac\2s2019\edd\edd_2s2019_py1_201709140\proyecto 1\proyecto 1\cubo.cpp(15): error C2143: error de sintaxis: falta ';' delante de '{'
c:\users\oscar c\desktop\usac\2s2019\edd\edd_2s2019_py1_201709140\proyecto 1\proyecto 1\cubo.cpp(15): error C2447: '{': falta el encabezado de función (¿lista formal de estilo anterior?)
c:\users\oscar c\desktop\usac\2s2019\edd\edd_2s2019_py1_201709140\proyecto 1\proyecto 1\cubo.cpp(35): error C2510: 'Cubo': el operando izquierdo de '::' debe ser class/struct/union
c:\users\oscar c\desktop\usac\2s2019\edd\edd_2s2019_py1_201709140\proyecto 1\proyecto 1\cubo.cpp(36): error C2065: 'cantidad': identificador no declarado
c:\users\oscar c\desktop\usac\2s2019\edd\edd_2s2019_py1_201709140\proyecto 1\proyecto 1\cubo.cpp(39): error C2510: 'Cubo': el operando izquierdo de '::' debe ser class/struct/union
c:\users\oscar c\desktop\usac\2s2019\edd\edd_2s2019_py1_201709140\proyecto 1\proyecto 1\cubo.cpp(39): error C4430: falta el especificador de tipo; se presupone int. Nota: C++ no admite default-int
c:\users\oscar c\desktop\usac\2s2019\edd\edd_2s2019_py1_201709140\proyecto 1\proyecto 1\cubo.cpp(39): error C2146: error de sintaxis: falta ';' delante del identificador 'imprimirLista'
c:\users\oscar c\desktop\usac\2s2019\edd\edd_2s2019_py1_201709140\proyecto 1\proyecto 1\cubo.cpp(39): error C2143: error de sintaxis: falta ';' delante de '{'
c:\users\oscar c\desktop\usac\2s2019\edd\edd_2s2019_py1_201709140\proyecto 1\proyecto 1\cubo.cpp(39): error C2447: '{': falta el encabezado de función (¿lista formal de estilo anterior?)
c:\users\oscar c\desktop\usac\2s2019\edd\edd_2s2019_py1_201709140\proyecto 1\proyecto 1\cubo.cpp(62): error C2510: 'Cubo': el operando izquierdo de '::' debe ser class/struct/union
c:\users\oscar c\desktop\usac\2s2019\edd\edd_2s2019_py1_201709140\proyecto 1\proyecto 1\cubo.cpp(63): error C2065: 'cantidad': identificador no declarado
c:\users\oscar c\desktop\usac\2s2019\edd\edd_2s2019_py1_201709140\proyecto 1\proyecto 1\cubo.cpp(66): error C2510: 'Cubo': el operando izquierdo de '::' debe ser class/struct/union
c:\users\oscar c\desktop\usac\2s2019\edd\edd_2s2019_py1_201709140\proyecto 1\proyecto 1\cubo.cpp(66): error C2146: error de sintaxis: falta ')' delante del identificador 'pizad'
c:\users\oscar c\desktop\usac\2s2019\edd\edd_2s2019_py1_201709140\proyecto 1\proyecto 1\cubo.cpp(66): error C2143: error de sintaxis: falta ';' delante de '{'
c:\users\oscar c\desktop\usac\2s2019\edd\edd_2s2019_py1_201709140\proyecto 1\proyecto 1\cubo.cpp(66): error C2447: '{': falta el encabezado de función (¿lista formal de estilo anterior?)
c:\users\oscar c\desktop\usac\2s2019\edd\edd_2s2019_py1_201709140\proyecto 1\proyecto 1\cubo.cpp(99): error C2510: 'Cubo': el operando izquierdo de '::' debe ser class/struct/union
c:\users\oscar c\desktop\usac\2s2019\edd\edd_2s2019_py1_201709140\proyecto 1\proyecto 1\cubo.cpp(100): error C2065: 'cantidad': identificador no declarado
c:\users\oscar c\desktop\usac\2s2019\edd\edd_2s2019_py1_201709140\proyecto 1\proyecto 1\cubo.cpp(103): error C2523: 'Cubo::~Cubo': etiqueta de destructor sin correspondencia
c:\users\oscar c\desktop\usac\2s2019\edd\edd_2s2019_py1_201709140\proyecto 1\proyecto 1\cubo.cpp(103): error C2510: 'Cubo': el operando izquierdo de '::' debe ser class/struct/union
c:\users\oscar c\desktop\usac\2s2019\edd\edd_2s2019_py1_201709140\proyecto 1\proyecto 1\cubo.cpp(104): error C4430: falta el especificador de tipo; se presupone int. Nota: C++ no admite default-int
c:\users\oscar c\desktop\usac\2s2019\edd\edd_2s2019_py1_201709140\proyecto 1\proyecto 1\cubo.cpp(104): error C2084: la función 'int Cubo(void)' ya tiene un cuerpo
  c:\users\oscar c\desktop\usac\2s2019\edd\edd_2s2019_py1_201709140\proyecto 1\proyecto 1\cubo.cpp(10): note: vea la definición anterior de 'Cubo'
  Lista.cpp
c:\users\oscar c\desktop\usac\2s2019\edd\edd_2s2019_py1_201709140\proyecto 1\proyecto 1\lista.cpp(11): error C2653: 'Lista': no es un nombre de clase o espacio de nombres
c:\users\oscar c\desktop\usac\2s2019\edd\edd_2s2019_py1_201709140\proyecto 1\proyecto 1\lista.cpp(11): error C4430: falta el especificador de tipo; se presupone int. Nota: C++ no admite default-int
c:\users\oscar c\desktop\usac\2s2019\edd\edd_2s2019_py1_201709140\proyecto 1\proyecto 1\lista.cpp(12): error C2065: 'cabeza': identificador no declarado
c:\users\oscar c\desktop\usac\2s2019\edd\edd_2s2019_py1_201709140\proyecto 1\proyecto 1\lista.cpp(12): error C2065: 'NULL': identificador no declarado
c:\users\oscar c\desktop\usac\2s2019\edd\edd_2s2019_py1_201709140\proyecto 1\proyecto 1\lista.cpp(13): error C2065: 'ultimo': identificador no declarado
c:\users\oscar c\desktop\usac\2s2019\edd\edd_2s2019_py1_201709140\proyecto 1\proyecto 1\lista.cpp(13): error C2065: 'NULL': identificador no declarado
c:\users\oscar c\desktop\usac\2s2019\edd\edd_2s2019_py1_201709140\proyecto 1\proyecto 1\lista.cpp(14): error C2065: 'cantidad': identificador no declarado
c:\users\oscar c\desktop\usac\2s2019\edd\edd_2s2019_py1_201709140\proyecto 1\proyecto 1\lista.cpp(15): warning C4508: 'Lista': la función debe devolver un valor; se supone que el tipo de valor devuelto es 'void'
c:\users\oscar c\desktop\usac\2s2019\edd\edd_2s2019_py1_201709140\proyecto 1\proyecto 1\lista.cpp(16): error C2510: 'Lista': el operando izquierdo de '::' debe ser class/struct/union
c:\users\oscar c\desktop\usac\2s2019\edd\edd_2s2019_py1_201709140\proyecto 1\proyecto 1\lista.cpp(16): error C2065: 'Cubo': identificador no declarado
c:\users\oscar c\desktop\usac\2s2019\edd\edd_2s2019_py1_201709140\proyecto 1\proyecto 1\lista.cpp(16): error C2146: error de sintaxis: falta ')' delante del identificador 'cub'
c:\users\oscar c\desktop\usac\2s2019\edd\edd_2s2019_py1_201709140\proyecto 1\proyecto 1\lista.cpp(16): error C2143: error de sintaxis: falta ';' delante de '{'
c:\users\oscar c\desktop\usac\2s2019\edd\edd_2s2019_py1_201709140\proyecto 1\proyecto 1\lista.cpp(16): error C2447: '{': falta el encabezado de función (¿lista formal de estilo anterior?)
c:\users\oscar c\desktop\usac\2s2019\edd\edd_2s2019_py1_201709140\proyecto 1\proyecto 1\lista.cpp(39): error C2510: 'Lista': el operando izquierdo de '::' debe ser class/struct/union
c:\users\oscar c\desktop\usac\2s2019\edd\edd_2s2019_py1_201709140\proyecto 1\proyecto 1\lista.cpp(40): error C2065: 'cantidad': identificador no declarado
c:\users\oscar c\desktop\usac\2s2019\edd\edd_2s2019_py1_201709140\proyecto 1\proyecto 1\lista.cpp(43): error C2510: 'Lista': el operando izquierdo de '::' debe ser class/struct/union
c:\users\oscar c\desktop\usac\2s2019\edd\edd_2s2019_py1_201709140\proyecto 1\proyecto 1\lista.cpp(44): error C2065: 'cantidad': identificador no declarado
c:\users\oscar c\desktop\usac\2s2019\edd\edd_2s2019_py1_201709140\proyecto 1\proyecto 1\lista.cpp(47): error C2510: 'Lista': el operando izquierdo de '::' debe ser class/struct/union
c:\users\oscar c\desktop\usac\2s2019\edd\edd_2s2019_py1_201709140\proyecto 1\proyecto 1\lista.cpp(48): error C2065: 'cantidad': identificador no declarado
c:\users\oscar c\desktop\usac\2s2019\edd\edd_2s2019_py1_201709140\proyecto 1\proyecto 1\lista.cpp(51): error C2523: 'Lista::~Lista': etiqueta de destructor sin correspondencia
c:\users\oscar c\desktop\usac\2s2019\edd\edd_2s2019_py1_201709140\proyecto 1\proyecto 1\lista.cpp(51): error C2510: 'Lista': el operando izquierdo de '::' debe ser class/struct/union
c:\users\oscar c\desktop\usac\2s2019\edd\edd_2s2019_py1_201709140\proyecto 1\proyecto 1\lista.cpp(52): error C4430: falta el especificador de tipo; se presupone int. Nota: C++ no admite default-int
c:\users\oscar c\desktop\usac\2s2019\edd\edd_2s2019_py1_201709140\proyecto 1\proyecto 1\lista.cpp(52): error C2084: la función 'int Lista(void)' ya tiene un cuerpo
  c:\users\oscar c\desktop\usac\2s2019\edd\edd_2s2019_py1_201709140\proyecto 1\proyecto 1\lista.cpp(11): note: vea la definición anterior de 'Lista'
  Nodo.cpp
c:\users\oscar c\desktop\usac\2s2019\edd\edd_2s2019_py1_201709140\proyecto 1\proyecto 1\nodo.cpp(6): error C2653: 'Nodo': no es un nombre de clase o espacio de nombres
c:\users\oscar c\desktop\usac\2s2019\edd\edd_2s2019_py1_201709140\proyecto 1\proyecto 1\nodo.cpp(6): error C2065: 'string': identificador no declarado
c:\users\oscar c\desktop\usac\2s2019\edd\edd_2s2019_py1_201709140\proyecto 1\proyecto 1\nodo.cpp(6): error C2146: error de sintaxis: falta ')' delante del identificador 'n'
c:\users\oscar c\desktop\usac\2s2019\edd\edd_2s2019_py1_201709140\proyecto 1\proyecto 1\nodo.cpp(6): error C2143: error de sintaxis: falta ';' delante de '{'
c:\users\oscar c\desktop\usac\2s2019\edd\edd_2s2019_py1_201709140\proyecto 1\proyecto 1\nodo.cpp(6): error C2447: '{': falta el encabezado de función (¿lista formal de estilo anterior?)
c:\users\oscar c\desktop\usac\2s2019\edd\edd_2s2019_py1_201709140\proyecto 1\proyecto 1\nodo.cpp(11): error C2653: 'Nodo': no es un nombre de clase o espacio de nombres
c:\users\oscar c\desktop\usac\2s2019\edd\edd_2s2019_py1_201709140\proyecto 1\proyecto 1\nodo.cpp(11): error C2065: 'string': identificador no declarado
c:\users\oscar c\desktop\usac\2s2019\edd\edd_2s2019_py1_201709140\proyecto 1\proyecto 1\nodo.cpp(11): error C2146: error de sintaxis: falta ')' delante del identificador 'n'
c:\users\oscar c\desktop\usac\2s2019\edd\edd_2s2019_py1_201709140\proyecto 1\proyecto 1\nodo.cpp(11): error C2143: error de sintaxis: falta ';' delante de '{'
c:\users\oscar c\desktop\usac\2s2019\edd\edd_2s2019_py1_201709140\proyecto 1\proyecto 1\nodo.cpp(11): error C2447: '{': falta el encabezado de función (¿lista formal de estilo anterior?)
c:\users\oscar c\desktop\usac\2s2019\edd\edd_2s2019_py1_201709140\proyecto 1\proyecto 1\nodo.cpp(16): error C2653: 'Nodo': no es un nombre de clase o espacio de nombres
c:\users\oscar c\desktop\usac\2s2019\edd\edd_2s2019_py1_201709140\proyecto 1\proyecto 1\nodo.cpp(16): error C4430: falta el especificador de tipo; se presupone int. Nota: C++ no admite default-int
c:\users\oscar c\desktop\usac\2s2019\edd\edd_2s2019_py1_201709140\proyecto 1\proyecto 1\nodo.cpp(17): error C2065: 'siguiente': identificador no declarado
c:\users\oscar c\desktop\usac\2s2019\edd\edd_2s2019_py1_201709140\proyecto 1\proyecto 1\nodo.cpp(17): error C2065: 'NULL': identificador no declarado
c:\users\oscar c\desktop\usac\2s2019\edd\edd_2s2019_py1_201709140\proyecto 1\proyecto 1\nodo.cpp(18): warning C4508: 'Nodo': la función debe devolver un valor; se supone que el tipo de valor devuelto es 'void'
c:\users\oscar c\desktop\usac\2s2019\edd\edd_2s2019_py1_201709140\proyecto 1\proyecto 1\nodo.cpp(20): error C2510: 'Nodo': el operando izquierdo de '::' debe ser class/struct/union
c:\users\oscar c\desktop\usac\2s2019\edd\edd_2s2019_py1_201709140\proyecto 1\proyecto 1\nodo.cpp(20): error C2065: 'string': identificador no declarado
c:\users\oscar c\desktop\usac\2s2019\edd\edd_2s2019_py1_201709140\proyecto 1\proyecto 1\nodo.cpp(20): error C2146: error de sintaxis: falta ')' delante del identificador 'n'
c:\users\oscar c\desktop\usac\2s2019\edd\edd_2s2019_py1_201709140\proyecto 1\proyecto 1\nodo.cpp(20): error C2143: error de sintaxis: falta ';' delante de '{'
c:\users\oscar c\desktop\usac\2s2019\edd\edd_2s2019_py1_201709140\proyecto 1\proyecto 1\nodo.cpp(20): error C2447: '{': falta el encabezado de función (¿lista formal de estilo anterior?)
c:\users\oscar c\desktop\usac\2s2019\edd\edd_2s2019_py1_201709140\proyecto 1\proyecto 1\nodo.cpp(24): error C2510: 'Nodo': el operando izquierdo de '::' debe ser class/struct/union
c:\users\oscar c\desktop\usac\2s2019\edd\edd_2s2019_py1_201709140\proyecto 1\proyecto 1\nodo.cpp(24): error C2065: 'n': identificador no declarado
c:\users\oscar c\desktop\usac\2s2019\edd\edd_2s2019_py1_201709140\proyecto 1\proyecto 1\nodo.cpp(24): error C2182: 'setSiguiente': uso no válido del tipo 'void'
c:\users\oscar c\desktop\usac\2s2019\edd\edd_2s2019_py1_201709140\proyecto 1\proyecto 1\nodo.cpp(24): error C2448: 'setSiguiente': el inicializador de estilo de función parece ser una definición de función
c:\users\oscar c\desktop\usac\2s2019\edd\edd_2s2019_py1_201709140\proyecto 1\proyecto 1\nodo.cpp(28): error C2510: 'Nodo': el operando izquierdo de '::' debe ser class/struct/union
c:\users\oscar c\desktop\usac\2s2019\edd\edd_2s2019_py1_201709140\proyecto 1\proyecto 1\nodo.cpp(28): error C4430: falta el especificador de tipo; se presupone int. Nota: C++ no admite default-int
c:\users\oscar c\desktop\usac\2s2019\edd\edd_2s2019_py1_201709140\proyecto 1\proyecto 1\nodo.cpp(28): error C2146: error de sintaxis: falta ';' delante del identificador 'getValor'
c:\users\oscar c\desktop\usac\2s2019\edd\edd_2s2019_py1_201709140\proyecto 1\proyecto 1\nodo.cpp(28): error C2143: error de sintaxis: falta ';' delante de '{'
c:\users\oscar c\desktop\usac\2s2019\edd\edd_2s2019_py1_201709140\proyecto 1\proyecto 1\nodo.cpp(28): error C2447: '{': falta el encabezado de función (¿lista formal de estilo anterior?)
c:\users\oscar c\desktop\usac\2s2019\edd\edd_2s2019_py1_201709140\proyecto 1\proyecto 1\nodo.cpp(32): error C2143: error de sintaxis: falta ';' delante de '*'
c:\users\oscar c\desktop\usac\2s2019\edd\edd_2s2019_py1_201709140\proyecto 1\proyecto 1\nodo.cpp(32): error C4430: falta el especificador de tipo; se presupone int. Nota: C++ no admite default-int
c:\users\oscar c\desktop\usac\2s2019\edd\edd_2s2019_py1_201709140\proyecto 1\proyecto 1\nodo.cpp(32): error C2365: 'Nodo': nueva definición; la definición anterior era 'función'
  c:\users\oscar c\desktop\usac\2s2019\edd\edd_2s2019_py1_201709140\proyecto 1\proyecto 1\nodo.cpp(16): note: vea la declaración de 'Nodo'
c:\users\oscar c\desktop\usac\2s2019\edd\edd_2s2019_py1_201709140\proyecto 1\proyecto 1\nodo.cpp(32): error C2510: 'Nodo': el operando izquierdo de '::' debe ser class/struct/union
c:\users\oscar c\desktop\usac\2s2019\edd\edd_2s2019_py1_201709140\proyecto 1\proyecto 1\nodo.cpp(32): error C2059: error de sintaxis: '{'
c:\users\oscar c\desktop\usac\2s2019\edd\edd_2s2019_py1_201709140\proyecto 1\proyecto 1\nodo.cpp(32): error C2143: error de sintaxis: falta ';' delante de '{'
c:\users\oscar c\desktop\usac\2s2019\edd\edd_2s2019_py1_201709140\proyecto 1\proyecto 1\nodo.cpp(32): error C2447: '{': falta el encabezado de función (¿lista formal de estilo anterior?)
c:\users\oscar c\desktop\usac\2s2019\edd\edd_2s2019_py1_201709140\proyecto 1\proyecto 1\nodo.cpp(36): error C2523: 'Nodo::~Nodo': etiqueta de destructor sin correspondencia
c:\users\oscar c\desktop\usac\2s2019\edd\edd_2s2019_py1_201709140\proyecto 1\proyecto 1\nodo.cpp(36): error C2510: 'Nodo': el operando izquierdo de '::' debe ser class/struct/union
c:\users\oscar c\desktop\usac\2s2019\edd\edd_2s2019_py1_201709140\proyecto 1\proyecto 1\nodo.cpp(37): error C4430: falta el especificador de tipo; se presupone int. Nota: C++ no admite default-int
c:\users\oscar c\desktop\usac\2s2019\edd\edd_2s2019_py1_201709140\proyecto 1\proyecto 1\nodo.cpp(37): error C2084: la función 'int Nodo(void)' ya tiene un cuerpo
  c:\users\oscar c\desktop\usac\2s2019\edd\edd_2s2019_py1_201709140\proyecto 1\proyecto 1\nodo.cpp(16): note: vea la definición anterior de 'Nodo'
  NodoD.cpp
c:\users\oscar c\desktop\usac\2s2019\edd\edd_2s2019_py1_201709140\proyecto 1\proyecto 1\nodod.cpp(6): error C2653: 'NodoD': no es un nombre de clase o espacio de nombres
c:\users\oscar c\desktop\usac\2s2019\edd\edd_2s2019_py1_201709140\proyecto 1\proyecto 1\nodod.cpp(6): error C2065: 'Cubo': identificador no declarado
c:\users\oscar c\desktop\usac\2s2019\edd\edd_2s2019_py1_201709140\proyecto 1\proyecto 1\nodod.cpp(6): error C2146: error de sintaxis: falta ')' delante del identificador 'n'
c:\users\oscar c\desktop\usac\2s2019\edd\edd_2s2019_py1_201709140\proyecto 1\proyecto 1\nodod.cpp(6): error C2143: error de sintaxis: falta ';' delante de '{'
c:\users\oscar c\desktop\usac\2s2019\edd\edd_2s2019_py1_201709140\proyecto 1\proyecto 1\nodod.cpp(6): error C2447: '{': falta el encabezado de función (¿lista formal de estilo anterior?)
c:\users\oscar c\desktop\usac\2s2019\edd\edd_2s2019_py1_201709140\proyecto 1\proyecto 1\nodod.cpp(13): error C2653: 'NodoD': no es un nombre de clase o espacio de nombres
c:\users\oscar c\desktop\usac\2s2019\edd\edd_2s2019_py1_201709140\proyecto 1\proyecto 1\nodod.cpp(13): error C2065: 'Cubo': identificador no declarado
c:\users\oscar c\desktop\usac\2s2019\edd\edd_2s2019_py1_201709140\proyecto 1\proyecto 1\nodod.cpp(13): error C2146: error de sintaxis: falta ')' delante del identificador 'n'
c:\users\oscar c\desktop\usac\2s2019\edd\edd_2s2019_py1_201709140\proyecto 1\proyecto 1\nodod.cpp(13): error C2143: error de sintaxis: falta ';' delante de '{'
c:\users\oscar c\desktop\usac\2s2019\edd\edd_2s2019_py1_201709140\proyecto 1\proyecto 1\nodod.cpp(13): error C2447: '{': falta el encabezado de función (¿lista formal de estilo anterior?)
c:\users\oscar c\desktop\usac\2s2019\edd\edd_2s2019_py1_201709140\proyecto 1\proyecto 1\nodod.cpp(19): error C2653: 'NodoD': no es un nombre de clase o espacio de nombres
c:\users\oscar c\desktop\usac\2s2019\edd\edd_2s2019_py1_201709140\proyecto 1\proyecto 1\nodod.cpp(19): error C4430: falta el especificador de tipo; se presupone int. Nota: C++ no admite default-int
c:\users\oscar c\desktop\usac\2s2019\edd\edd_2s2019_py1_201709140\proyecto 1\proyecto 1\nodod.cpp(20): error C2065: 'siguiente': identificador no declarado
c:\users\oscar c\desktop\usac\2s2019\edd\edd_2s2019_py1_201709140\proyecto 1\proyecto 1\nodod.cpp(20): error C2065: 'NULL': identificador no declarado
c:\users\oscar c\desktop\usac\2s2019\edd\edd_2s2019_py1_201709140\proyecto 1\proyecto 1\nodod.cpp(21): error C2065: 'anterior': identificador no declarado
c:\users\oscar c\desktop\usac\2s2019\edd\edd_2s2019_py1_201709140\proyecto 1\proyecto 1\nodod.cpp(21): error C2065: 'NULL': identificador no declarado
c:\users\oscar c\desktop\usac\2s2019\edd\edd_2s2019_py1_201709140\proyecto 1\proyecto 1\nodod.cpp(22): warning C4508: 'NodoD': la función debe devolver un valor; se supone que el tipo de valor devuelto es 'void'
c:\users\oscar c\desktop\usac\2s2019\edd\edd_2s2019_py1_201709140\proyecto 1\proyecto 1\nodod.cpp(24): error C2510: 'NodoD': el operando izquierdo de '::' debe ser class/struct/union
c:\users\oscar c\desktop\usac\2s2019\edd\edd_2s2019_py1_201709140\proyecto 1\proyecto 1\nodod.cpp(24): error C2065: 'Cubo': identificador no declarado
c:\users\oscar c\desktop\usac\2s2019\edd\edd_2s2019_py1_201709140\proyecto 1\proyecto 1\nodod.cpp(24): error C2146: error de sintaxis: falta ')' delante del identificador 'n'
c:\users\oscar c\desktop\usac\2s2019\edd\edd_2s2019_py1_201709140\proyecto 1\proyecto 1\nodod.cpp(24): error C2143: error de sintaxis: falta ';' delante de '{'
c:\users\oscar c\desktop\usac\2s2019\edd\edd_2s2019_py1_201709140\proyecto 1\proyecto 1\nodod.cpp(24): error C2447: '{': falta el encabezado de función (¿lista formal de estilo anterior?)
c:\users\oscar c\desktop\usac\2s2019\edd\edd_2s2019_py1_201709140\proyecto 1\proyecto 1\nodod.cpp(28): error C2510: 'NodoD': el operando izquierdo de '::' debe ser class/struct/union
c:\users\oscar c\desktop\usac\2s2019\edd\edd_2s2019_py1_201709140\proyecto 1\proyecto 1\nodod.cpp(28): error C2065: 'n': identificador no declarado
c:\users\oscar c\desktop\usac\2s2019\edd\edd_2s2019_py1_201709140\proyecto 1\proyecto 1\nodod.cpp(28): error C2182: 'setSiguiente': uso no válido del tipo 'void'
c:\users\oscar c\desktop\usac\2s2019\edd\edd_2s2019_py1_201709140\proyecto 1\proyecto 1\nodod.cpp(28): error C2448: 'setSiguiente': el inicializador de estilo de función parece ser una definición de función
c:\users\oscar c\desktop\usac\2s2019\edd\edd_2s2019_py1_201709140\proyecto 1\proyecto 1\nodod.cpp(32): error C2510: 'NodoD': el operando izquierdo de '::' debe ser class/struct/union
c:\users\oscar c\desktop\usac\2s2019\edd\edd_2s2019_py1_201709140\proyecto 1\proyecto 1\nodod.cpp(32): error C2065: 'n': identificador no declarado
c:\users\oscar c\desktop\usac\2s2019\edd\edd_2s2019_py1_201709140\proyecto 1\proyecto 1\nodod.cpp(32): error C2182: 'setAnterior': uso no válido del tipo 'void'
c:\users\oscar c\desktop\usac\2s2019\edd\edd_2s2019_py1_201709140\proyecto 1\proyecto 1\nodod.cpp(32): error C2448: 'setAnterior': el inicializador de estilo de función parece ser una definición de función
c:\users\oscar c\desktop\usac\2s2019\edd\edd_2s2019_py1_201709140\proyecto 1\proyecto 1\nodod.cpp(36): error C2510: 'NodoD': el operando izquierdo de '::' debe ser class/struct/union
c:\users\oscar c\desktop\usac\2s2019\edd\edd_2s2019_py1_201709140\proyecto 1\proyecto 1\nodod.cpp(36): error C4430: falta el especificador de tipo; se presupone int. Nota: C++ no admite default-int
c:\users\oscar c\desktop\usac\2s2019\edd\edd_2s2019_py1_201709140\proyecto 1\proyecto 1\nodod.cpp(36): error C2146: error de sintaxis: falta ';' delante del identificador 'getValor'
c:\users\oscar c\desktop\usac\2s2019\edd\edd_2s2019_py1_201709140\proyecto 1\proyecto 1\nodod.cpp(36): error C2143: error de sintaxis: falta ';' delante de '{'
c:\users\oscar c\desktop\usac\2s2019\edd\edd_2s2019_py1_201709140\proyecto 1\proyecto 1\nodod.cpp(36): error C2447: '{': falta el encabezado de función (¿lista formal de estilo anterior?)
c:\users\oscar c\desktop\usac\2s2019\edd\edd_2s2019_py1_201709140\proyecto 1\proyecto 1\nodod.cpp(40): error C2143: error de sintaxis: falta ';' delante de '*'
c:\users\oscar c\desktop\usac\2s2019\edd\edd_2s2019_py1_201709140\proyecto 1\proyecto 1\nodod.cpp(40): error C4430: falta el especificador de tipo; se presupone int. Nota: C++ no admite default-int
c:\users\oscar c\desktop\usac\2s2019\edd\edd_2s2019_py1_201709140\proyecto 1\proyecto 1\nodod.cpp(40): error C2365: 'NodoD': nueva definición; la definición anterior era 'función'
  c:\users\oscar c\desktop\usac\2s2019\edd\edd_2s2019_py1_201709140\proyecto 1\proyecto 1\nodod.cpp(19): note: vea la declaración de 'NodoD'
c:\users\oscar c\desktop\usac\2s2019\edd\edd_2s2019_py1_201709140\proyecto 1\proyecto 1\nodod.cpp(40): error C2510: 'NodoD': el operando izquierdo de '::' debe ser class/struct/union
c:\users\oscar c\desktop\usac\2s2019\edd\edd_2s2019_py1_201709140\proyecto 1\proyecto 1\nodod.cpp(40): error C2059: error de sintaxis: '{'
c:\users\oscar c\desktop\usac\2s2019\edd\edd_2s2019_py1_201709140\proyecto 1\proyecto 1\nodod.cpp(40): error C2143: error de sintaxis: falta ';' delante de '{'
c:\users\oscar c\desktop\usac\2s2019\edd\edd_2s2019_py1_201709140\proyecto 1\proyecto 1\nodod.cpp(40): error C2447: '{': falta el encabezado de función (¿lista formal de estilo anterior?)
c:\users\oscar c\desktop\usac\2s2019\edd\edd_2s2019_py1_201709140\proyecto 1\proyecto 1\nodod.cpp(44): error C2143: error de sintaxis: falta ';' delante de '*'
c:\users\oscar c\desktop\usac\2s2019\edd\edd_2s2019_py1_201709140\proyecto 1\proyecto 1\nodod.cpp(44): error C4430: falta el especificador de tipo; se presupone int. Nota: C++ no admite default-int
c:\users\oscar c\desktop\usac\2s2019\edd\edd_2s2019_py1_201709140\proyecto 1\proyecto 1\nodod.cpp(44): error C2365: 'NodoD': nueva definición; la definición anterior era 'función'
  c:\users\oscar c\desktop\usac\2s2019\edd\edd_2s2019_py1_201709140\proyecto 1\proyecto 1\nodod.cpp(19): note: vea la declaración de 'NodoD'
c:\users\oscar c\desktop\usac\2s2019\edd\edd_2s2019_py1_201709140\proyecto 1\proyecto 1\nodod.cpp(44): error C2510: 'NodoD': el operando izquierdo de '::' debe ser class/struct/union
c:\users\oscar c\desktop\usac\2s2019\edd\edd_2s2019_py1_201709140\proyecto 1\proyecto 1\nodod.cpp(44): error C2059: error de sintaxis: '{'
c:\users\oscar c\desktop\usac\2s2019\edd\edd_2s2019_py1_201709140\proyecto 1\proyecto 1\nodod.cpp(44): error C2143: error de sintaxis: falta ';' delante de '{'
c:\users\oscar c\desktop\usac\2s2019\edd\edd_2s2019_py1_201709140\proyecto 1\proyecto 1\nodod.cpp(44): error C2447: '{': falta el encabezado de función (¿lista formal de estilo anterior?)
c:\users\oscar c\desktop\usac\2s2019\edd\edd_2s2019_py1_201709140\proyecto 1\proyecto 1\nodod.cpp(48): error C2523: 'NodoD::~NodoD': etiqueta de destructor sin correspondencia
c:\users\oscar c\desktop\usac\2s2019\edd\edd_2s2019_py1_201709140\proyecto 1\proyecto 1\nodod.cpp(48): error C2510: 'NodoD': el operando izquierdo de '::' debe ser class/struct/union
c:\users\oscar c\desktop\usac\2s2019\edd\edd_2s2019_py1_201709140\proyecto 1\proyecto 1\nodod.cpp(49): error C4430: falta el especificador de tipo; se presupone int. Nota: C++ no admite default-int
c:\users\oscar c\desktop\usac\2s2019\edd\edd_2s2019_py1_201709140\proyecto 1\proyecto 1\nodod.cpp(49): error C2084: la función 'int NodoD(void)' ya tiene un cuerpo
  c:\users\oscar c\desktop\usac\2s2019\edd\edd_2s2019_py1_201709140\proyecto 1\proyecto 1\nodod.cpp(19): note: vea la definición anterior de 'NodoD'
  Proyecto 1.cpp
c:\users\oscar c\desktop\usac\2s2019\edd\edd_2s2019_py1_201709140\proyecto 1\proyecto 1\proyecto 1.cpp(13): error C4996: 'getch': The POSIX name for this item is deprecated. Instead, use the ISO C and C++ conformant name: _getch. See online help for details.
  c:\program files (x86)\windows kits\10\include\10.0.17763.0\ucrt\conio.h(453): note: vea la declaración de 'getch'
  Hoja.cpp
c:\users\oscar c\desktop\usac\2s2019\edd\edd_2s2019_py1_201709140\proyecto 1\proyecto 1\hoja.cpp(6): error C2653: 'Hoja': no es un nombre de clase o espacio de nombres
c:\users\oscar c\desktop\usac\2s2019\edd\edd_2s2019_py1_201709140\proyecto 1\proyecto 1\hoja.cpp(6): error C2065: 'string': identificador no declarado
c:\users\oscar c\desktop\usac\2s2019\edd\edd_2s2019_py1_201709140\proyecto 1\proyecto 1\hoja.cpp(6): error C2146: error de sintaxis: falta ')' delante del identificador 'name'
c:\users\oscar c\desktop\usac\2s2019\edd\edd_2s2019_py1_201709140\proyecto 1\proyecto 1\hoja.cpp(6): error C2143: error de sintaxis: falta ';' delante de '{'
c:\users\oscar c\desktop\usac\2s2019\edd\edd_2s2019_py1_201709140\proyecto 1\proyecto 1\hoja.cpp(6): error C2447: '{': falta el encabezado de función (¿lista formal de estilo anterior?)
c:\users\oscar c\desktop\usac\2s2019\edd\edd_2s2019_py1_201709140\proyecto 1\proyecto 1\hoja.cpp(18): error C2653: 'Hoja': no es un nombre de clase o espacio de nombres
c:\users\oscar c\desktop\usac\2s2019\edd\edd_2s2019_py1_201709140\proyecto 1\proyecto 1\hoja.cpp(18): error C2065: 'string': identificador no declarado
c:\users\oscar c\desktop\usac\2s2019\edd\edd_2s2019_py1_201709140\proyecto 1\proyecto 1\hoja.cpp(18): error C2146: error de sintaxis: falta ')' delante del identificador 'name'
c:\users\oscar c\desktop\usac\2s2019\edd\edd_2s2019_py1_201709140\proyecto 1\proyecto 1\hoja.cpp(18): error C2143: error de sintaxis: falta ';' delante de '{'
c:\users\oscar c\desktop\usac\2s2019\edd\edd_2s2019_py1_201709140\proyecto 1\proyecto 1\hoja.cpp(18): error C2447: '{': falta el encabezado de función (¿lista formal de estilo anterior?)
c:\users\oscar c\desktop\usac\2s2019\edd\edd_2s2019_py1_201709140\proyecto 1\proyecto 1\hoja.cpp(24): error C2653: 'Hoja': no es un nombre de clase o espacio de nombres
c:\users\oscar c\desktop\usac\2s2019\edd\edd_2s2019_py1_201709140\proyecto 1\proyecto 1\hoja.cpp(24): error C2065: 'Hoja': identificador no declarado
c:\users\oscar c\desktop\usac\2s2019\edd\edd_2s2019_py1_201709140\proyecto 1\proyecto 1\hoja.cpp(24): error C2065: 'n': identificador no declarado
c:\users\oscar c\desktop\usac\2s2019\edd\edd_2s2019_py1_201709140\proyecto 1\proyecto 1\hoja.cpp(24): error C2182: 'setMenor': uso no válido del tipo 'void'
c:\users\oscar c\desktop\usac\2s2019\edd\edd_2s2019_py1_201709140\proyecto 1\proyecto 1\hoja.cpp(24): error C2448: 'setMenor': el inicializador de estilo de función parece ser una definición de función
c:\users\oscar c\desktop\usac\2s2019\edd\edd_2s2019_py1_201709140\proyecto 1\proyecto 1\hoja.cpp(28): error C2653: 'Hoja': no es un nombre de clase o espacio de nombres
c:\users\oscar c\desktop\usac\2s2019\edd\edd_2s2019_py1_201709140\proyecto 1\proyecto 1\hoja.cpp(28): error C2065: 'Hoja': identificador no declarado
c:\users\oscar c\desktop\usac\2s2019\edd\edd_2s2019_py1_201709140\proyecto 1\proyecto 1\hoja.cpp(28): error C2065: 'n': identificador no declarado
c:\users\oscar c\desktop\usac\2s2019\edd\edd_2s2019_py1_201709140\proyecto 1\proyecto 1\hoja.cpp(28): error C2182: 'setMayor': uso no válido del tipo 'void'
c:\users\oscar c\desktop\usac\2s2019\edd\edd_2s2019_py1_201709140\proyecto 1\proyecto 1\hoja.cpp(28): error C2448: 'setMayor': el inicializador de estilo de función parece ser una definición de función
c:\users\oscar c\desktop\usac\2s2019\edd\edd_2s2019_py1_201709140\proyecto 1\proyecto 1\hoja.cpp(32): error C2653: 'Hoja': no es un nombre de clase o espacio de nombres
c:\users\oscar c\desktop\usac\2s2019\edd\edd_2s2019_py1_201709140\proyecto 1\proyecto 1\hoja.cpp(33): error C2065: 'image_widht': identificador no declarado
c:\users\oscar c\desktop\usac\2s2019\edd\edd_2s2019_py1_201709140\proyecto 1\proyecto 1\hoja.cpp(36): error C2653: 'Hoja': no es un nombre de clase o espacio de nombres
c:\users\oscar c\desktop\usac\2s2019\edd\edd_2s2019_py1_201709140\proyecto 1\proyecto 1\hoja.cpp(37): error C2065: 'image_height': identificador no declarado
c:\users\oscar c\desktop\usac\2s2019\edd\edd_2s2019_py1_201709140\proyecto 1\proyecto 1\hoja.cpp(40): error C2653: 'Hoja': no es un nombre de clase o espacio de nombres
c:\users\oscar c\desktop\usac\2s2019\edd\edd_2s2019_py1_201709140\proyecto 1\proyecto 1\hoja.cpp(41): error C2065: 'pixel_widht': identificador no declarado
c:\users\oscar c\desktop\usac\2s2019\edd\edd_2s2019_py1_201709140\proyecto 1\proyecto 1\hoja.cpp(44): error C2653: 'Hoja': no es un nombre de clase o espacio de nombres
c:\users\oscar c\desktop\usac\2s2019\edd\edd_2s2019_py1_201709140\proyecto 1\proyecto 1\hoja.cpp(45): error C2065: 'pixel_height': identificador no declarado
c:\users\oscar c\desktop\usac\2s2019\edd\edd_2s2019_py1_201709140\proyecto 1\proyecto 1\hoja.cpp(48): error C2653: 'Hoja': no es un nombre de clase o espacio de nombres
c:\users\oscar c\desktop\usac\2s2019\edd\edd_2s2019_py1_201709140\proyecto 1\proyecto 1\hoja.cpp(48): error C4430: falta el especificador de tipo; se presupone int. Nota: C++ no admite default-int
c:\users\oscar c\desktop\usac\2s2019\edd\edd_2s2019_py1_201709140\proyecto 1\proyecto 1\hoja.cpp(48): error C2146: error de sintaxis: falta ';' delante del identificador 'getNombre'
c:\users\oscar c\desktop\usac\2s2019\edd\edd_2s2019_py1_201709140\proyecto 1\proyecto 1\hoja.cpp(48): error C2143: error de sintaxis: falta ';' delante de '{'
c:\users\oscar c\desktop\usac\2s2019\edd\edd_2s2019_py1_201709140\proyecto 1\proyecto 1\hoja.cpp(48): error C2447: '{': falta el encabezado de función (¿lista formal de estilo anterior?)
c:\users\oscar c\desktop\usac\2s2019\edd\edd_2s2019_py1_201709140\proyecto 1\proyecto 1\hoja.cpp(52): error C2143: error de sintaxis: falta ';' delante de '*'
c:\users\oscar c\desktop\usac\2s2019\edd\edd_2s2019_py1_201709140\proyecto 1\proyecto 1\hoja.cpp(52): error C4430: falta el especificador de tipo; se presupone int. Nota: C++ no admite default-int
c:\users\oscar c\desktop\usac\2s2019\edd\edd_2s2019_py1_201709140\proyecto 1\proyecto 1\hoja.cpp(52): error C2653: 'Hoja': no es un nombre de clase o espacio de nombres
c:\users\oscar c\desktop\usac\2s2019\edd\edd_2s2019_py1_201709140\proyecto 1\proyecto 1\hoja.cpp(52): error C2059: error de sintaxis: '{'
c:\users\oscar c\desktop\usac\2s2019\edd\edd_2s2019_py1_201709140\proyecto 1\proyecto 1\hoja.cpp(52): error C2143: error de sintaxis: falta ';' delante de '{'
c:\users\oscar c\desktop\usac\2s2019\edd\edd_2s2019_py1_201709140\proyecto 1\proyecto 1\hoja.cpp(52): error C2447: '{': falta el encabezado de función (¿lista formal de estilo anterior?)
c:\users\oscar c\desktop\usac\2s2019\edd\edd_2s2019_py1_201709140\proyecto 1\proyecto 1\hoja.cpp(56): error C2653: 'Nodo': no es un nombre de clase o espacio de nombres
c:\users\oscar c\desktop\usac\2s2019\edd\edd_2s2019_py1_201709140\proyecto 1\proyecto 1\hoja.cpp(56): error C2523: '<Desconocido>::~Nodo': etiqueta de destructor sin correspondencia
c:\users\oscar c\desktop\usac\2s2019\edd\edd_2s2019_py1_201709140\proyecto 1\proyecto 1\hoja.cpp(57): error C4430: falta el especificador de tipo; se presupone int. Nota: C++ no admite default-int
c:\users\oscar c\desktop\usac\2s2019\edd\edd_2s2019_py1_201709140\proyecto 1\proyecto 1\hoja.cpp(59): warning C4508: 'Nodo': la función debe devolver un valor; se supone que el tipo de valor devuelto es 'void'
  Generando código...
